#
# There is insufficient memory for the Java Runtime Environment to continue.
# Native memory allocation (malloc) failed to allocate 572656 bytes for Chunk::new
# Possible reasons:
#   The system is out of physical RAM or swap space
#   In 32 bit mode, the process size limit was hit
# Possible solutions:
#   Reduce memory load on the system
#   Increase physical memory or swap space
#   Check if swap backing store is full
#   Use 64 bit Java on a 64 bit OS
#   Decrease Java heap size (-Xmx/-Xms)
#   Decrease number of Java threads
#   Decrease Java thread stack sizes (-Xss)
#   Set larger code cache with -XX:ReservedCodeCacheSize=
# This output file may be truncated or incomplete.
#
#  Out of Memory Error (allocation.cpp:390), pid=5128, tid=6384
#
# JRE version: Java(TM) SE Runtime Environment (8.0_51-b16) (build 1.8.0_51-b16)
# Java VM: Java HotSpot(TM) 64-Bit Server VM (25.51-b03 mixed mode windows-amd64 compressed oops)
# Failed to write core dump. Minidumps are not enabled by default on client versions of Windows
#

---------------  T H R E A D  ---------------

Current thread (0x0000000014e28800):  JavaThread "C2 CompilerThread0" daemon [_thread_in_native, id=6384, stack(0x0000000016390000,0x0000000016490000)]

Stack: [0x0000000016390000,0x0000000016490000]
Native frames: (J=compiled Java code, j=interpreted, Vv=VM code, C=native code)
V  [jvm.dll+0x32b4ca]
V  [jvm.dll+0x2797e3]
V  [jvm.dll+0x27a479]
V  [jvm.dll+0x271765]
V  [jvm.dll+0xcba02]
V  [jvm.dll+0xcbecc]
V  [jvm.dll+0x476f72]
V  [jvm.dll+0x4b95ff]
V  [jvm.dll+0x46b745]
V  [jvm.dll+0x46cd4e]
V  [jvm.dll+0x4501a2]
V  [jvm.dll+0xa43a2]
V  [jvm.dll+0xa4cdf]
V  [jvm.dll+0x2418a4]
V  [jvm.dll+0x29846a]
C  [msvcr100.dll+0x21d9f]
C  [msvcr100.dll+0x21e3b]
C  [KERNEL32.DLL+0x13d2]
C  [ntdll.dll+0x154e4]


Current CompileTask:
C2:   9125 1293       4       com.android.dx.ssa.SCCP::simulateStmt (481 bytes)


---------------  P R O C E S S  ---------------

Java Threads: ( => current thread )
  0x0000000016696800 JavaThread "Service Thread" daemon [_thread_blocked, id=4784, stack(0x0000000016a90000,0x0000000016b90000)]
  0x0000000014e8c000 JavaThread "C1 CompilerThread2" daemon [_thread_blocked, id=4736, stack(0x0000000016590000,0x0000000016690000)]
  0x0000000014e86000 JavaThread "C2 CompilerThread1" daemon [_thread_in_native, id=2492, stack(0x0000000016490000,0x0000000016590000)]
=>0x0000000014e28800 JavaThread "C2 CompilerThread0" daemon [_thread_in_native, id=6384, stack(0x0000000016390000,0x0000000016490000)]
  0x0000000014e26800 JavaThread "Attach Listener" daemon [_thread_blocked, id=4016, stack(0x0000000016290000,0x0000000016390000)]
  0x0000000014e25000 JavaThread "Signal Dispatcher" daemon [_thread_blocked, id=7720, stack(0x0000000016190000,0x0000000016290000)]
  0x0000000002756000 JavaThread "Finalizer" daemon [_thread_blocked, id=2324, stack(0x0000000016090000,0x0000000016190000)]
  0x000000000274d000 JavaThread "Reference Handler" daemon [_thread_blocked, id=6040, stack(0x0000000015f90000,0x0000000016090000)]
  0x0000000002660800 JavaThread "main" [_thread_in_Java, id=7872, stack(0x0000000002560000,0x0000000002660000)]

Other Threads:
  0x0000000014df7800 VMThread [stack: 0x0000000015e90000,0x0000000015f90000] [id=5680]
  0x0000000016697800 WatcherThread [stack: 0x0000000016b90000,0x0000000016c90000] [id=7268]

VM state:not at safepoint (normal execution)

VM Mutex/Monitor currently owned by a thread: None

Heap:
 PSYoungGen      total 18944K, used 15416K [0x00000000eab00000, 0x00000000ec000000, 0x0000000100000000)
  eden space 16384K, 78% used [0x00000000eab00000,0x00000000eb790560,0x00000000ebb00000)
  from space 2560K, 99% used [0x00000000ebd80000,0x00000000ebffdc88,0x00000000ec000000)
  to   space 2560K, 0% used [0x00000000ebb00000,0x00000000ebb00000,0x00000000ebd80000)
 ParOldGen       total 44032K, used 4119K [0x00000000c0000000, 0x00000000c2b00000, 0x00000000eab00000)
  object space 44032K, 9% used [0x00000000c0000000,0x00000000c0405f50,0x00000000c2b00000)
 Metaspace       used 5853K, capacity 7088K, committed 7296K, reserved 1056768K
  class space    used 555K, capacity 616K, committed 640K, reserved 1048576K

Card table byte_map: [0x0000000011b20000,0x0000000011d30000] byte_map_base: 0x0000000011520000

Marking Bits: (ParMarkBitMap*) 0x000000005f724040
 Begin Bits: [0x0000000012290000, 0x0000000013290000)
 End Bits:   [0x0000000013290000, 0x0000000014290000)

Polling page: 0x00000000024a0000

CodeCache: size=245760Kb used=6064Kb max_used=6064Kb free=239695Kb
 bounds [0x0000000002760000, 0x0000000002d60000, 0x0000000011760000]
 total_blobs=1736 nmethods=1471 adapters=178
 compilation: enabled

Compilation events (10 events):
Event: 6.113 Thread 0x0000000014e86000 nmethod 1301 0x0000000002ca2e50 code [0x0000000002ca2fc0, 0x0000000002ca3278]
Event: 6.114 Thread 0x0000000014e8c000 nmethod 1307 0x0000000002ca0a50 code [0x0000000002ca0bc0, 0x0000000002ca1008]
Event: 6.114 Thread 0x0000000014e8c000 1308       3       java.util.BitSet::set (18 bytes)
Event: 6.114 Thread 0x0000000014e8c000 nmethod 1308 0x0000000002ca05d0 code [0x0000000002ca0740, 0x0000000002ca0978]
Event: 6.114 Thread 0x0000000014e86000 1309       4       com.android.dx.ssa.SCCP::addBlockToWorklist (47 bytes)
Event: 6.117 Thread 0x0000000014e8c000 1312       3       com.android.dx.util.LabeledList::removeLabel (10 bytes)
Event: 6.118 Thread 0x0000000014e8c000 nmethod 1312 0x0000000002ca0150 code [0x0000000002ca02c0, 0x0000000002ca04e8]
Event: 6.121 Thread 0x0000000014e8c000 1313       3       java.util.TreeMap::rotateLeft (96 bytes)
Event: 6.121 Thread 0x0000000014e8c000 nmethod 1313 0x0000000002c9fb90 code [0x0000000002c9fd00, 0x0000000002ca0050]
Event: 6.121 Thread 0x0000000014e8c000 1314   !   3       com.android.dx.cf.code.OneLocalsArray::set (106 bytes)

GC Heap History (2 events):
Event: 5.644 GC heap before
{Heap before GC invocations=1 (full 0):
 PSYoungGen      total 18944K, used 16384K [0x00000000eab00000, 0x00000000ec000000, 0x0000000100000000)
  eden space 16384K, 100% used [0x00000000eab00000,0x00000000ebb00000,0x00000000ebb00000)
  from space 2560K, 0% used [0x00000000ebd80000,0x00000000ebd80000,0x00000000ec000000)
  to   space 2560K, 0% used [0x00000000ebb00000,0x00000000ebb00000,0x00000000ebd80000)
 ParOldGen       total 44032K, used 0K [0x00000000c0000000, 0x00000000c2b00000, 0x00000000eab00000)
  object space 44032K, 0% used [0x00000000c0000000,0x00000000c0000000,0x00000000c2b00000)
 Metaspace       used 5607K, capacity 6832K, committed 7040K, reserved 1056768K
  class space    used 553K, capacity 616K, committed 640K, reserved 1048576K
Event: 5.651 GC heap after
Heap after GC invocations=1 (full 0):
 PSYoungGen      total 18944K, used 2551K [0x00000000eab00000, 0x00000000ec000000, 0x0000000100000000)
  eden space 16384K, 0% used [0x00000000eab00000,0x00000000eab00000,0x00000000ebb00000)
  from space 2560K, 99% used [0x00000000ebb00000,0x00000000ebd7dc78,0x00000000ebd80000)
  to   space 2560K, 0% used [0x00000000ebd80000,0x00000000ebd80000,0x00000000ec000000)
 ParOldGen       total 44032K, used 1639K [0x00000000c0000000, 0x00000000c2b00000, 0x00000000eab00000)
  object space 44032K, 3% used [0x00000000c0000000,0x00000000c0199c50,0x00000000c2b00000)
 Metaspace       used 5607K, capacity 6832K, committed 7040K, reserved 1056768K
  class space    used 553K, capacity 616K, committed 640K, reserved 1048576K
}

Deoptimization events (8 events):
Event: 5.097 Thread 0x0000000002660800 Uncommon trap: reason=unstable_if action=reinterpret pc=0x00000000029cac80 method=java.util.HashMap.getNode(ILjava/lang/Object;)Ljava/util/HashMap$Node; @ 62
Event: 5.374 Thread 0x0000000002660800 Uncommon trap: reason=unstable_if action=reinterpret pc=0x0000000002a8acdc method=java.util.HashMap.getNode(ILjava/lang/Object;)Ljava/util/HashMap$Node; @ 62
Event: 5.374 Thread 0x0000000002660800 Uncommon trap: reason=class_check action=maybe_recompile pc=0x0000000002b1a238 method=com.android.dx.rop.type.Type.equals(Ljava/lang/Object;)Z @ 8
Event: 5.376 Thread 0x0000000002660800 Uncommon trap: reason=class_check action=maybe_recompile pc=0x0000000002b1a238 method=com.android.dx.rop.type.Type.equals(Ljava/lang/Object;)Z @ 8
Event: 5.377 Thread 0x0000000002660800 Uncommon trap: reason=unstable_if action=reinterpret pc=0x0000000002a859b4 method=java.util.BitSet.ensureCapacity(I)V @ 6
Event: 5.412 Thread 0x0000000002660800 Uncommon trap: reason=class_check action=maybe_recompile pc=0x0000000002b1a238 method=com.android.dx.rop.type.Type.equals(Ljava/lang/Object;)Z @ 8
Event: 5.418 Thread 0x0000000002660800 Uncommon trap: reason=class_check action=maybe_recompile pc=0x0000000002b1a238 method=com.android.dx.rop.type.Type.equals(Ljava/lang/Object;)Z @ 8
Event: 5.418 Thread 0x0000000002660800 Uncommon trap: reason=class_check action=maybe_recompile pc=0x0000000002b4935c method=com.android.dx.rop.type.Type.equals(Ljava/lang/Object;)Z @ 8

Internal exceptions (2 events):
Event: 1.692 Thread 0x0000000002660800 Exception <a 'java/lang/NoSuchMethodError': Method sun.misc.Unsafe.defineClass(Ljava/lang/String;[BII)Ljava/lang/Class; name or signature does not match> (0x00000000eab0d538) thrown at [C:\re\workspace\8-2-build-windows-amd64-cygwin\jdk8u51\3951\hotspot\sr‘åÂû?
Event: 1.693 Thread 0x0000000002660800 Exception <a 'java/lang/NoSuchMethodError': Method sun.misc.Unsafe.prefetchRead(Ljava/lang/Object;J)V name or signature does not match> (0x00000000eab0d7c8) thrown at [C:\re\workspace\8-2-build-windows-amd64-cygwin\jdk8u51\3951\hotspot\src\share\vm\prims\j

Events (10 events):
Event: 5.608 loading class com/android/dx/dex/file/FieldAnnotationStruct done
Event: 5.644 Executing VM operation: ParallelGCFailedAllocation
Event: 5.651 Executing VM operation: ParallelGCFailedAllocation done
Event: 5.669 loading class com/android/dx/cf/attrib/AttEnclosingMethod
Event: 5.669 loading class com/android/dx/cf/attrib/AttEnclosingMethod done
Event: 5.918 loading class com/android/dx/cf/code/SwitchList
Event: 5.918 loading class com/android/dx/cf/code/SwitchList done
Event: 6.032 loading class com/android/dx/cf/attrib/AttLocalVariableTypeTable
Event: 6.032 loading class com/android/dx/cf/attrib/AttLocalVariableTypeTable done
Event: 6.445 Executing VM operation: EnableBiasedLocking


Dynamic libraries:
0x00007ff6c9fa0000 - 0x00007ff6c9fd7000 	C:\Program Files\Java\jdk1.8.0_51\bin\java.exe
0x00007fffb7130000 - 0x00007fffb72dd000 	C:\windows\SYSTEM32\ntdll.dll
0x00007fffb6460000 - 0x00007fffb659e000 	C:\windows\system32\KERNEL32.DLL
0x00007fffb4350000 - 0x00007fffb4465000 	C:\windows\system32\KERNELBASE.dll
0x00007fffb2e00000 - 0x00007fffb2e8e000 	C:\windows\system32\apphelp.dll
0x00007fffa7ee0000 - 0x00007fffa7f33000 	C:\windows\AppPatch\AppPatch64\AcGenral.DLL
0x00007fffb6be0000 - 0x00007fffb6c8a000 	C:\windows\system32\msvcrt.dll
0x00007fffb4040000 - 0x00007fffb406e000 	C:\windows\SYSTEM32\SspiCli.dll
0x00007fffb6230000 - 0x00007fffb6284000 	C:\windows\system32\SHLWAPI.dll
0x00007fffb60b0000 - 0x00007fffb6227000 	C:\windows\system32\USER32.dll
0x00007fffb6d40000 - 0x00007fffb6ed4000 	C:\windows\system32\ole32.dll
0x00007fffb4b80000 - 0x00007fffb60aa000 	C:\windows\system32\SHELL32.dll
0x00007fffb3820000 - 0x00007fffb3841000 	C:\windows\SYSTEM32\USERENV.dll
0x00007fffb6c90000 - 0x00007fffb6d3a000 	C:\windows\system32\ADVAPI32.dll
0x00007fffa6720000 - 0x00007fffa673e000 	C:\windows\SYSTEM32\MPR.dll
0x00007fffb6fe0000 - 0x00007fffb7121000 	C:\windows\system32\RPCRT4.dll
0x00007fffb6750000 - 0x00007fffb67a9000 	C:\windows\SYSTEM32\sechost.dll
0x00007fffb68a0000 - 0x00007fffb6ab1000 	C:\windows\SYSTEM32\combase.dll
0x00007fffb47b0000 - 0x00007fffb4900000 	C:\windows\system32\GDI32.dll
0x00007fffb4240000 - 0x00007fffb4255000 	C:\windows\SYSTEM32\profapi.dll
0x00007fffb2390000 - 0x00007fffb2442000 	C:\windows\SYSTEM32\SHCORE.dll
0x00007fffb6fa0000 - 0x00007fffb6fd6000 	C:\windows\system32\IMM32.DLL
0x00007fffb6290000 - 0x00007fffb63e2000 	C:\windows\system32\MSCTF.dll
0x00007fffb11a0000 - 0x00007fffb141b000 	C:\windows\WinSxS\amd64_microsoft.windows.common-controls_6595b64144ccf1df_6.0.9600.18006_none_623f33d3ecbe86e8\COMCTL32.dll
0x000000005eaa0000 - 0x000000005eb72000 	C:\Program Files\Java\jdk1.8.0_51\jre\bin\msvcr100.dll
0x000000005ef20000 - 0x000000005f7a3000 	C:\Program Files\Java\jdk1.8.0_51\jre\bin\server\jvm.dll
0x00007fffa9310000 - 0x00007fffa9319000 	C:\windows\SYSTEM32\WSOCK32.dll
0x00007fffa6880000 - 0x00007fffa68a2000 	C:\windows\SYSTEM32\WINMM.dll
0x00007fffae1b0000 - 0x00007fffae1ba000 	C:\windows\SYSTEM32\VERSION.dll
0x00007fffb6450000 - 0x00007fffb6457000 	C:\windows\system32\PSAPI.DLL
0x00007fffb63f0000 - 0x00007fffb644a000 	C:\windows\system32\WS2_32.dll
0x00007fffa66e0000 - 0x00007fffa670a000 	C:\windows\SYSTEM32\WINMMBASE.dll
0x00007fffb4910000 - 0x00007fffb4919000 	C:\windows\system32\NSI.dll
0x00007fffb4580000 - 0x00007fffb45cf000 	C:\windows\SYSTEM32\cfgmgr32.dll
0x00007fffb3070000 - 0x00007fffb3098000 	C:\windows\SYSTEM32\DEVOBJ.dll
0x000000005ef10000 - 0x000000005ef1f000 	C:\Program Files\Java\jdk1.8.0_51\jre\bin\verify.dll
0x000000005eee0000 - 0x000000005ef09000 	C:\Program Files\Java\jdk1.8.0_51\jre\bin\java.dll
0x000000005eec0000 - 0x000000005eed6000 	C:\Program Files\Java\jdk1.8.0_51\jre\bin\zip.dll
0x00007fffabd60000 - 0x00007fffabee9000 	C:\windows\SYSTEM32\dbghelp.dll

VM Arguments:
jvm_args: -Xmx1024M -Dfile.encoding=windows-1252 -Duser.country=US -Duser.language=en -Duser.variant 
java_command: com.android.dx.command.Main --dex --output C:\Users\Lenovo\AndroidStudioProjects\Portal\app\build\intermediates\pre-dexed\debug\internal_impl-23.1.1-4bbb388ae10c9b7cb040a9147ae6950e1518fba8.jar C:\Users\Lenovo\AndroidStudioProjects\Portal\app\build\intermediates\exploded-aar\com.android.support\support-v4\23.1.1\jars\libs\internal_impl-23.1.1.jar
java_class_path (initial): C:\Users\Lenovo\AppData\Local\Android\sdk\build-tools\22.0.1\lib\dx.jar
Launcher Type: SUN_STANDARD

Environment Variables:
JAVA_HOME=C:\Program Files\Java\jdk1.8.0_51
PATH=C:\ProgramData\Oracle\Java\javapath;C:\Program Files (x86)\Intel\iCLS Client\;C:\Program Files\Intel\iCLS Client\;C:\windows\system32;C:\windows;C:\windows\System32\Wbem;C:\windows\System32\WindowsPowerShell\v1.0\;C:\Program Files (x86)\ATI Technologies\ATI.ACE\Core-Static;C:\Program Files\Intel\Intel(R) Management Engine Components\DAL;C:\Program Files\Intel\Intel(R) Management Engine Components\IPT;C:\Program Files (x86)\Intel\Intel(R) Management Engine Components\DAL;C:\Program Files (x86)\Intel\Intel(R) Management Engine Components\IPT;C:\Program Files (x86)\QT Lite\QTSystem;C:\Program Files (x86)\QT Lite\QTSystem\
USERNAME=Lenovo
OS=Windows_NT
PROCESSOR_IDENTIFIER=Intel64 Family 6 Model 69 Stepping 1, GenuineIntel



---------------  S Y S T E M  ---------------

OS: Windows 8.1 , 64 bit Build 9600 (6.3.9600.17415)

CPU:total 4 (2 cores per cpu, 2 threads per core) family 6 model 69 stepping 1, cmov, cx8, fxsr, mmx, sse, sse2, sse3, ssse3, sse4.1, sse4.2, popcnt, avx, avx2, aes, clmul, erms, lzcnt, ht, tsc, tscinvbit, bmi1, bmi2

Memory: 4k page, physical 4083992k(575404k free), swap 6093564k(563340k free)

vm_info: Java HotSpot(TM) 64-Bit Server VM (25.51-b03) for windows-amd64 JRE (1.8.0_51-b16), built on Jun  8 2015 18:03:07 by "java_re" with MS VC++ 10.0 (VS2010)

time: Mon Mar 28 11:46:08 2016
elapsed time: 9 seconds (0d 0h 0m 9s)

