#
# There is insufficient memory for the Java Runtime Environment to continue.
# Native memory allocation (malloc) failed to allocate 1048576 bytes for AllocateHeap
# Possible reasons:
#   The system is out of physical RAM or swap space
#   In 32 bit mode, the process size limit was hit
# Possible solutions:
#   Reduce memory load on the system
#   Increase physical memory or swap space
#   Check if swap backing store is full
#   Use 64 bit Java on a 64 bit OS
#   Decrease Java heap size (-Xmx/-Xms)
#   Decrease number of Java threads
#   Decrease Java thread stack sizes (-Xss)
#   Set larger code cache with -XX:ReservedCodeCacheSize=
# This output file may be truncated or incomplete.
#
#  Out of Memory Error (memory/allocation.inline.hpp:61), pid=3596, tid=6540
#
# JRE version:  (8.0_51-b16) (build )
# Java VM: Java HotSpot(TM) 64-Bit Server VM (25.51-b03 mixed mode windows-amd64 compressed oops)
# Failed to write core dump. Minidumps are not enabled by default on client versions of Windows
#

---------------  T H R E A D  ---------------

Current thread (0x0000000002220800):  JavaThread "Unknown thread" [_thread_in_vm, id=6540, stack(0x00000000020c0000,0x00000000021c0000)]

Stack: [0x00000000020c0000,0x00000000021c0000]
Native frames: (J=compiled Java code, j=interpreted, Vv=VM code, C=native code)
V  [jvm.dll+0x32b4ca]
V  [jvm.dll+0x2797e3]
V  [jvm.dll+0x27a479]
V  [jvm.dll+0x271765]
V  [jvm.dll+0x1606]
V  [jvm.dll+0x3f7dd2]
V  [jvm.dll+0x3f876f]
V  [jvm.dll+0x3f883d]
V  [jvm.dll+0x3f8a06]
V  [jvm.dll+0xf2c22]
V  [jvm.dll+0x20f0a9]
V  [jvm.dll+0x240d2a]
V  [jvm.dll+0x15b9a1]
C  [java.exe+0x216e]
C  [java.exe+0xcd07]
C  [java.exe+0xcd9b]
C  [KERNEL32.DLL+0x13d2]
C  [ntdll.dll+0x154e4]


---------------  P R O C E S S  ---------------

Java Threads: ( => current thread )

Other Threads:

=>0x0000000002220800 (exited) JavaThread "Unknown thread" [_thread_in_vm, id=6540, stack(0x00000000020c0000,0x00000000021c0000)]

VM state:not at safepoint (normal execution)

VM Mutex/Monitor currently owned by a thread: None

Heap:
 PSYoungGen      total 18944K, used 327K [0x00000000eab00000, 0x00000000ec000000, 0x0000000100000000)
  eden space 16384K, 2% used [0x00000000eab00000,0x00000000eab51ec8,0x00000000ebb00000)
  from space 2560K, 0% used [0x00000000ebd80000,0x00000000ebd80000,0x00000000ec000000)
  to   space 2560K, 0% used [0x00000000ebb00000,0x00000000ebb00000,0x00000000ebd80000)
 ParOldGen       total 44032K, used 0K [0x00000000c0000000, 0x00000000c2b00000, 0x00000000eab00000)
  object space 44032K, 0% used [0x00000000c0000000,0x00000000c0000000,0x00000000c2b00000)
 Metaspace       used 766K, capacity 4480K, committed 4480K, reserved 1056768K
  class space    used 75K, capacity 384K, committed 384K, reserved 1048576K

Card table byte_map: [0x00000000116e0000,0x00000000118f0000] byte_map_base: 0x00000000110e0000

Marking Bits: (ParMarkBitMap*) 0x000000005f724040
 Begin Bits: [0x0000000011e50000, 0x0000000012e50000)
 End Bits:   [0x0000000012e50000, 0x0000000013e50000)

Polling page: 0x0000000000950000

CodeCache: size=245760Kb used=328Kb max_used=328Kb free=245431Kb
 bounds [0x0000000002320000, 0x0000000002590000, 0x0000000011320000]
 total_blobs=57 nmethods=0 adapters=37
 compilation: enabled

Compilation events (0 events):
No events

GC Heap History (0 events):
No events

Deoptimization events (0 events):
No events

Internal exceptions (0 events):
No events

Events (10 events):
Event: 1.408 loading class java/lang/Short
Event: 1.408 loading class java/lang/Short done
Event: 1.408 loading class java/lang/Integer
Event: 1.409 loading class java/lang/Integer done
Event: 1.409 loading class java/lang/Long
Event: 1.409 loading class java/lang/Long done
Event: 1.410 loading class java/lang/NullPointerException
Event: 1.410 loading class java/lang/NullPointerException done
Event: 1.410 loading class java/lang/ArithmeticException
Event: 1.410 loading class java/lang/ArithmeticException done


Dynamic libraries:
0x00007ff6c9fa0000 - 0x00007ff6c9fd7000 	C:\Program Files\Java\jdk1.8.0_51\bin\java.exe
0x00007fffb7130000 - 0x00007fffb72dd000 	C:\windows\SYSTEM32\ntdll.dll
0x00007fffb6460000 - 0x00007fffb659e000 	C:\windows\system32\KERNEL32.DLL
0x00007fffb4350000 - 0x00007fffb4465000 	C:\windows\system32\KERNELBASE.dll
0x00007fffb2e00000 - 0x00007fffb2e8e000 	C:\windows\system32\apphelp.dll
0x00007fffa7ee0000 - 0x00007fffa7f33000 	C:\windows\AppPatch\AppPatch64\AcGenral.DLL
0x00007fffb6be0000 - 0x00007fffb6c8a000 	C:\windows\system32\msvcrt.dll
0x00007fffb4040000 - 0x00007fffb406e000 	C:\windows\SYSTEM32\SspiCli.dll
0x00007fffb6230000 - 0x00007fffb6284000 	C:\windows\system32\SHLWAPI.dll
0x00007fffb60b0000 - 0x00007fffb6227000 	C:\windows\system32\USER32.dll
0x00007fffb6d40000 - 0x00007fffb6ed4000 	C:\windows\system32\ole32.dll
0x00007fffb4b80000 - 0x00007fffb60aa000 	C:\windows\system32\SHELL32.dll
0x00007fffb3820000 - 0x00007fffb3841000 	C:\windows\SYSTEM32\USERENV.dll
0x00007fffb6c90000 - 0x00007fffb6d3a000 	C:\windows\system32\ADVAPI32.dll
0x00007fffa6720000 - 0x00007fffa673e000 	C:\windows\SYSTEM32\MPR.dll
0x00007fffb6fe0000 - 0x00007fffb7121000 	C:\windows\system32\RPCRT4.dll
0x00007fffb6750000 - 0x00007fffb67a9000 	C:\windows\SYSTEM32\sechost.dll
0x00007fffb68a0000 - 0x00007fffb6ab1000 	C:\windows\SYSTEM32\combase.dll
0x00007fffb47b0000 - 0x00007fffb4900000 	C:\windows\system32\GDI32.dll
0x00007fffb4240000 - 0x00007fffb4255000 	C:\windows\SYSTEM32\profapi.dll
0x00007fffb2390000 - 0x00007fffb2442000 	C:\windows\SYSTEM32\SHCORE.dll
0x00007fffb6fa0000 - 0x00007fffb6fd6000 	C:\windows\system32\IMM32.DLL
0x00007fffb6290000 - 0x00007fffb63e2000 	C:\windows\system32\MSCTF.dll
0x00007fffb11a0000 - 0x00007fffb141b000 	C:\windows\WinSxS\amd64_microsoft.windows.common-controls_6595b64144ccf1df_6.0.9600.18006_none_623f33d3ecbe86e8\COMCTL32.dll
0x000000005eaa0000 - 0x000000005eb72000 	C:\Program Files\Java\jdk1.8.0_51\jre\bin\msvcr100.dll
0x000000005ef20000 - 0x000000005f7a3000 	C:\Program Files\Java\jdk1.8.0_51\jre\bin\server\jvm.dll
0x00007fffa9310000 - 0x00007fffa9319000 	C:\windows\SYSTEM32\WSOCK32.dll
0x00007fffa6880000 - 0x00007fffa68a2000 	C:\windows\SYSTEM32\WINMM.dll
0x00007fffae1b0000 - 0x00007fffae1ba000 	C:\windows\SYSTEM32\VERSION.dll
0x00007fffb6450000 - 0x00007fffb6457000 	C:\windows\system32\PSAPI.DLL
0x00007fffb63f0000 - 0x00007fffb644a000 	C:\windows\system32\WS2_32.dll
0x00007fffa66e0000 - 0x00007fffa670a000 	C:\windows\SYSTEM32\WINMMBASE.dll
0x00007fffb4910000 - 0x00007fffb4919000 	C:\windows\system32\NSI.dll
0x00007fffb4580000 - 0x00007fffb45cf000 	C:\windows\SYSTEM32\cfgmgr32.dll
0x00007fffb3070000 - 0x00007fffb3098000 	C:\windows\SYSTEM32\DEVOBJ.dll
0x000000005ef10000 - 0x000000005ef1f000 	C:\Program Files\Java\jdk1.8.0_51\jre\bin\verify.dll
0x000000005eee0000 - 0x000000005ef09000 	C:\Program Files\Java\jdk1.8.0_51\jre\bin\java.dll
0x000000005eec0000 - 0x000000005eed6000 	C:\Program Files\Java\jdk1.8.0_51\jre\bin\zip.dll
0x00007fffabd60000 - 0x00007fffabee9000 	C:\windows\SYSTEM32\dbghelp.dll

VM Arguments:
jvm_args: -Xmx1024M -Dfile.encoding=windows-1252 -Duser.country=US -Duser.language=en -Duser.variant 
java_command: com.android.dx.command.Main --dex --output C:\Users\Lenovo\AndroidStudioProjects\Portal\app\build\intermediates\pre-dexed\debug\classes-e35a0deba9d10ca08a02f2f98c79d8c08c2d0361.jar C:\Users\Lenovo\AndroidStudioProjects\Portal\app\build\intermediates\exploded-aar\com.android.support\design\23.1.1\jars\classes.jar
java_class_path (initial): C:\Users\Lenovo\AppData\Local\Android\sdk\build-tools\22.0.1\lib\dx.jar
Launcher Type: SUN_STANDARD

Environment Variables:
JAVA_HOME=C:\Program Files\Java\jdk1.8.0_51
PATH=C:\ProgramData\Oracle\Java\javapath;C:\Program Files (x86)\Intel\iCLS Client\;C:\Program Files\Intel\iCLS Client\;C:\windows\system32;C:\windows;C:\windows\System32\Wbem;C:\windows\System32\WindowsPowerShell\v1.0\;C:\Program Files (x86)\ATI Technologies\ATI.ACE\Core-Static;C:\Program Files\Intel\Intel(R) Management Engine Components\DAL;C:\Program Files\Intel\Intel(R) Management Engine Components\IPT;C:\Program Files (x86)\Intel\Intel(R) Management Engine Components\DAL;C:\Program Files (x86)\Intel\Intel(R) Management Engine Components\IPT;C:\Program Files (x86)\QT Lite\QTSystem;C:\Program Files (x86)\QT Lite\QTSystem\
USERNAME=Lenovo
OS=Windows_NT
PROCESSOR_IDENTIFIER=Intel64 Family 6 Model 69 Stepping 1, GenuineIntel



---------------  S Y S T E M  ---------------

OS: Windows 8.1 , 64 bit Build 9600 (6.3.9600.17415)

CPU:total 4 (2 cores per cpu, 2 threads per core) family 6 model 69 stepping 1, cmov, cx8, fxsr, mmx, sse, sse2, sse3, ssse3, sse4.1, sse4.2, popcnt, avx, avx2, aes, clmul, erms, lzcnt, ht, tsc, tscinvbit, bmi1, bmi2

Memory: 4k page, physical 4083992k(574824k free), swap 6093564k(562288k free)

vm_info: Java HotSpot(TM) 64-Bit Server VM (25.51-b03) for windows-amd64 JRE (1.8.0_51-b16), built on Jun  8 2015 18:03:07 by "java_re" with MS VC++ 10.0 (VS2010)

time: Mon Mar 28 11:46:08 2016
elapsed time: 3 seconds (0d 0h 0m 3s)

